spp	style	rate	time	rate_my
ACEPH	eu	1.34336691174284927897	391.059376	0.0034351993435975
AECHI	eu	1.46939929367562260865	391.059376	0.00375748386013796
AFLOR	eu	1.81060121218355862815	391.059376	0.00462999054185459
AMELL	eu	1.76531822724107700928	391.059376	0.00451419486549039
AROSA	an	0.63674987601485200095	391.059375	0.00162826904741729
BIMPA	eu	1.98701427865242719051	391.059376	0.00508110635008129
BTERR	eu	1.96484824618170939026	391.059376	0.00502442433749935
CCINC	an	0.95876330940727683139	391.059375	0.00245170777303901
CFLOR	eu	1.29673135384448801055	391.059376	0.0033159449265947
COBSC	eu	1.32709936252117710609	391.059375	0.0033936006840935
COPFL	an	1.57870769320970549821	391.059376	0.00403700253746046
DNOVA	eu	1.49373904904672571980	391.059375	0.00381972443199124
EMEXI	eu	2.19205032326283477673	391.059376	0.00560541559106573
HLABO	eu	1.84063101028271480786	391.059376	0.00470678143332054
HSALT	eu	1.42452940342668887830	391.059376	0.00364274453152784
LALBI	eu	1.61529286805810845529	391.059375	0.00413055656333033
LHUMI	eu	1.89109295499379115313	391.059376	0.00483582051998618
MQUAD	eu	2.17304792578294625471	391.059376	0.00555682348806015
MROTU	eu	1.77598517884600504146	391.059376	0.00454147192943407
NVITR	an	1.07935166985037711562	391.059376	0.00276007106872276
OABIE	an	1.20642856608470716573	391.059376	0.00308502657173142
PBARB	eu	1.39862646754515251857	391.059376	0.00357650667234009
SINVI	eu	1.25915865681912153562	391.059375	0.00321986567083099
TPRET	an	1.14564970933811083320	391.059376	0.00292960552705968
