spp	style	rate	time	rate_my
ACEPH	eu	0.47764109826615253063	391.059376	0.00122140300828934
AECHI	eu	0.47457653553782958022	391.059376	0.00121356644198662
AFLOR	eu	0.59443944883607435781	391.059376	0.0015200746621047
AMELL	eu	0.54472159654883378632	391.059376	0.00139293833616927
AROSA	an	0.41663307257809950590	391.059375	0.00106539594550853
BIMPA	eu	0.53710377626036232002	391.059376	0.00137345837799414
BTERR	eu	0.58772858710082387379	391.059376	0.00150291393883067
CCINC	an	0.43697730279706514800	391.059375	0.00111741932487123
CFLOR	eu	0.51432537562771873940	391.059376	0.00131521044422604
COBSC	eu	0.43908453506881467421	391.059375	0.0011228078474498
COPFL	an	0.46072630437909634082	391.059376	0.00117814923424594
DNOVA	eu	0.50003130768553116781	391.059375	0.00127865827966797
EMEXI	eu	0.62316576621121755331	391.059376	0.00159353234944869
HLABO	eu	0.56737872946638234772	391.059376	0.0014508761694193
HSALT	eu	0.45019888989426082304	391.059376	0.0011512289885469
LALBI	eu	0.59213226360596860065	391.059375	0.00151417483241763
LHUMI	eu	0.46103301295423843031	391.059376	0.00117893353605269
MQUAD	eu	0.64025616522145400999	391.059376	0.00163723517326293
MROTU	eu	0.54446307754364464682	391.059376	0.00139227726263145
NVITR	an	0.43735272209000275456	391.059376	0.00111837932787476
OABIE	an	0.41412682464015210249	391.059376	0.00105898707474067
PBARB	eu	0.47711089838093379001	391.059376	0.00122004720424075
SINVI	eu	0.47737381995488159525	391.059375	0.00122071953895718
TPRET	an	0.50063239079585308833	391.059376	0.00128019533994207
