spp	style	rate	time	rate_my
ACEPH	eu	0.46461281636961121455	391.059376	0.00118808765339413
AECHI	eu	0.46439905089488103807	391.059376	0.00118754102163473
AFLOR	eu	0.52710376495232313943	391.059376	0.00134788678472275
AMELL	eu	0.53314038962195675619	391.059376	0.00136332337834538
AROSA	an	0.36161984303975297506	391.059375	0.000924718511197316
BIMPA	eu	0.54104739446694449789	391.059376	0.00138354282667025
BTERR	eu	0.54151539410246196660	391.059376	0.00138473957495002
CCINC	an	0.42173249439019400153	391.059375	0.00107843596484599
CFLOR	eu	0.47067144657858150936	391.059376	0.00120358051862329
COBSC	eu	0.47708223018555084849	391.059375	0.0012199738983001
COPFL	an	0.57672376711394934823	391.059376	0.00147477289257974
DNOVA	eu	0.54863476766037500010	391.059375	0.0014029449304479
EMEXI	eu	0.55122030709109459679	391.059376	0.00140955655565485
HLABO	eu	0.54749932481664342898	391.059376	0.00140004142188536
HSALT	eu	0.47830692701479837758	391.059376	0.00122310563655888
LALBI	eu	0.51991068976679899460	391.059375	0.00132949296962079
LHUMI	eu	0.43501196738810077314	391.059376	0.00111239365192487
MQUAD	eu	0.55474545779876005547	391.059376	0.00141857091747305
MROTU	eu	0.54680039177774630854	391.059376	0.00139825414076697
NVITR	an	0.52546419994774118400	391.059376	0.00134369416051986
OABIE	an	0.43085914019341581271	391.059376	0.00110177422313847
PBARB	eu	0.44848564558124642820	391.059376	0.00114684795482629
SINVI	eu	0.43092124055385711001	391.059375	0.00110193302629264
TPRET	an	0.55234914124088152487	391.059376	0.00141244316116559
