spp	style	rate	time	rate_my
ACEPH	eu	0.11875353582342790260	391.059376	0.00030367136836895
AECHI	eu	0.14655083903299070958	391.059376	0.000374753421160757
AFLOR	eu	0.12569729526236050887	391.059376	0.000321427647504763
AMELL	eu	0.12208825127482000883	391.059376	0.00031219875744603
AROSA	an	0.09354270384247542758	391.059375	0.000239203327736294
BIMPA	eu	0.12032557644905604588	391.059376	0.000307691322171639
BTERR	eu	0.12424584469286086008	391.059376	0.00031771606134016
CCINC	an	0.12313710922875768794	391.059375	0.000314880852118064
CFLOR	eu	0.12862609932868873663	391.059376	0.000328917057671285
COBSC	eu	0.12903583425712347732	391.059375	0.000329964814824152
COPFL	an	0.16482413648476271217	391.059376	0.000421481101337314
DNOVA	eu	0.14226391811000954624	391.059375	0.000363791094664358
EMEXI	eu	0.14247349927783473089	391.059376	0.00036432702556615
HLABO	eu	0.12453182615800857669	391.059376	0.000318447360684196
HSALT	eu	0.12812208027505234131	391.059376	0.000327628202104665
LALBI	eu	0.12508559632166382780	391.059375	0.000319863438439914
LHUMI	eu	0.13024964293690716177	391.059376	0.000333068712657351
MQUAD	eu	0.13568153268073002149	391.059376	0.00034695890447268
MROTU	eu	0.12475677057932933744	391.059376	0.000319022578758805
NVITR	an	0.11429466446985077355	391.059376	0.000292269336792096
OABIE	an	0.11222097510580239521	391.059376	0.000286966588689597
PBARB	eu	0.12447900704160168306	391.059376	0.000318312293940759
SINVI	eu	0.12465547116563045760	391.059375	0.000318763541126282
TPRET	an	0.18292369261207624964	391.059376	0.00046776449776792
