spp	style	rate	time	rate_my
ACEPH	eu	0.28050541883973284518	391.059376	0.000717296236977918
AECHI	eu	0.27935077796589624644	391.059376	0.000714343639636699
AFLOR	eu	0.27898995996034775535	391.059376	0.000713420971551767
AMELL	eu	0.27702389497223683934	391.059376	0.000708393435814813
AROSA	an	0.23451587053038935871	391.059375	0.000599693769086573
BIMPA	eu	0.27120861480350827444	391.059376	0.000693522854707128
BTERR	eu	0.27099394204886034787	391.059376	0.000692973902891055
CCINC	an	0.24219399850051379075	391.059375	0.000619327943488156
CFLOR	eu	0.27729470990535498576	391.059376	0.000709085951963865
COBSC	eu	0.27728103510198220949	391.059375	0.00070905098516557
COPFL	an	0.32805952337817451125	391.059376	0.000838899521432711
DNOVA	eu	0.27079804653840794382	391.059375	0.000692472969196578
EMEXI	eu	0.29320076203127459769	391.059376	0.000749760215521018
HLABO	eu	0.28169231919111448192	391.059376	0.000720331326849748
HSALT	eu	0.27501783305436999783	391.059376	0.000703263621671534
LALBI	eu	0.28099320166492514073	391.059375	0.000718543575805912
LHUMI	eu	0.27065140755927469263	391.059376	0.000692097988616631
MQUAD	eu	0.28012890422066666352	391.059376	0.000716333430196714
MROTU	eu	0.26662144630782663723	391.059376	0.000681792747267685
NVITR	an	0.27349663376832800132	391.059376	0.000699373677127557
OABIE	an	0.25663120633714070484	391.059376	0.000656246140834482
PBARB	eu	0.27308958806870281544	391.059376	0.000698332797597219
SINVI	eu	0.26463336338844439810	391.059375	0.000676708909966535
TPRET	an	0.33121737953450547387	391.059376	0.000846974653625248
