spp	style	rate	time	rate_my
ACEPH	eu	0.30233764019805609014	391.059376	0.000773124642325559
AECHI	eu	0.29796674920033106027	391.059376	0.000761947590281868
AFLOR	eu	0.29453009663715012945	391.059376	0.000753159532063361
AMELL	eu	0.29240938495387569507	391.059376	0.000747736540534642
AROSA	an	0.26403194758957593269	391.059375	0.000675170995682116
BIMPA	eu	0.28803927050069255689	391.059376	0.000736561474236824
BTERR	eu	0.29197700802475817783	391.059376	0.000746630885087788
CCINC	an	0.26561951752378659686	391.059375	0.000679230660366566
CFLOR	eu	0.29020620635676580568	391.059376	0.000742102668206492
COBSC	eu	0.29749982547869652239	391.059375	0.00076075359522757
COPFL	an	0.35549815275357665723	391.059376	0.000909064389121249
DNOVA	eu	0.29191022096128532715	391.059375	0.000746460102027436
EMEXI	eu	0.30485166601801344521	391.059376	0.000779553399630069
HLABO	eu	0.29342504401393704194	391.059376	0.000750333739636349
HSALT	eu	0.29304834766821435954	391.059376	0.000749370468151656
LALBI	eu	0.30212902659852003406	391.059375	0.000772591186692609
LHUMI	eu	0.29732942416687302423	391.059376	0.000760317850471057
MQUAD	eu	0.29919879759050727053	391.059376	0.000765098130751652
MROTU	eu	0.28530590801624994279	391.059376	0.000729571838769185
NVITR	an	0.30905491572398707811	391.059376	0.000790301766665702
OABIE	an	0.28637050360866345144	391.059376	0.000732294176239527
PBARB	eu	0.29653250752573800941	391.059376	0.000758280009953624
SINVI	eu	0.30266883574232561482	391.059375	0.000773971563122162
TPRET	an	0.36740881744071995918	391.059376	0.000939521821977029
